
  You can now view your Streamlit app in your browser.

  Local URL: http://localhost:8501
  Network URL: http://175.117.241.188:8501


  You can now view your Streamlit app in your browser.

  Local URL: http://localhost:8501
  Network URL: http://175.117.241.188:8501


  A new version of Streamlit is available.

  See what's new at https://discuss.streamlit.io/c/announcements

  Enter the following command to upgrade:
  $ pip install streamlit --upgrade

  Stopping...
/home/sgtocta/.local/lib/python3.8/site-packages/pandas/compat/__init__.py:97: UserWarning: Could not import the lzma module. Your installed Python is incomplete. Attempting to use lzma compression will result in a RuntimeError.
  warnings.warn(msg)

  You can now view your Streamlit app in your browser.

  Local URL: http://localhost:8501
  Network URL: http://175.117.241.188:8501


  You can now view your Streamlit app in your browser.

  Local URL: http://localhost:8501
  Network URL: http://175.117.241.188:8501

  Stopping...
/home/sgtocta/.local/lib/python3.8/site-packages/pandas/compat/__init__.py:97: UserWarning: Could not import the lzma module. Your installed Python is incomplete. Attempting to use lzma compression will result in a RuntimeError.
  warnings.warn(msg)

  You can now view your Streamlit app in your browser.

  Local URL: http://localhost:8501
  Network URL: http://175.117.241.188:8501

